This is pdfTeX, Version 3.1415926-2.3-1.40.12 (TeX Live 2011/MacPorts 2011_3) (format=pdflatex 2012.1.27)  4 FEB 2012 17:01
entering extended mode
 restricted \write18 enabled.
 %&-line parsing enabled.
**compiled
(./compiled.tex
LaTeX2e <2009/09/24>
Babel <v3.8l> and hyphenation patterns for english, dumylang, nohyphenation, et
hiopic, arabic, farsi, pinyin, croatian, bulgarian, russian, ukrainian, czech, 
slovak, danish, dutch, ukenglish, usenglishmax, finnish, basque, french, german
-x-2009-06-19, ngerman-x-2009-06-19, german, ngerman, swissgerman, monogreek, g
reek, ancientgreek, ibycus, hungarian, assamese, bengali, gujarati, hindi, kann
ada, malayalam, marathi, oriya, panjabi, tamil, telugu, sanskrit, italian, lati
n, latvian, lithuanian, mongolian, mongolianlmc, bokmal, nynorsk, afrikaans, ar
menian, coptic, esperanto, estonian, icelandic, indonesian, interlingua, irish,
 kurmanji, lao, romanian, serbian, serbianc, slovenian, turkish, uppersorbian, 
welsh, polish, portuguese, spanish, catalan, galician, swedish, turkmen, loaded
.
(/Users/abarbour/texsty/elsevier/elsarticle.cls
Document Class: elsarticle 2009/09/17, 1.20b: Elsevier Ltd
\@bls=\dimen102
(/opt/local/share/texmf-texlive-dist/tex/latex/base/article.cls
Document Class: article 2007/10/19 v1.4h Standard LaTeX document class
(/opt/local/share/texmf-texlive-dist/tex/latex/base/size12.clo
File: size12.clo 2007/10/19 v1.4h Standard LaTeX file (size option)
)
\c@part=\count79
\c@section=\count80
\c@subsection=\count81
\c@subsubsection=\count82
\c@paragraph=\count83
\c@subparagraph=\count84
\c@figure=\count85
\c@table=\count86
\abovecaptionskip=\skip41
\belowcaptionskip=\skip42
\bibindent=\dimen103
)
(/opt/local/share/texmf-texlive-dist/tex/latex/graphics/graphicx.sty
Package: graphicx 1999/02/16 v1.0f Enhanced LaTeX Graphics (DPC,SPQR)

(/opt/local/share/texmf-texlive-dist/tex/latex/graphics/keyval.sty
Package: keyval 1999/03/16 v1.13 key=value parser (DPC)
\KV@toks@=\toks14
)
(/opt/local/share/texmf-texlive-dist/tex/latex/graphics/graphics.sty
Package: graphics 2009/02/05 v1.0o Standard LaTeX Graphics (DPC,SPQR)

(/opt/local/share/texmf-texlive-dist/tex/latex/graphics/trig.sty
Package: trig 1999/03/16 v1.09 sin cos tan (DPC)
)
(/opt/local/share/texmf-texlive-dist/doc/latex/latex-graphics-companion/inputs/
graphics.cfg)
Package graphics Info: Driver file: dvips.def on input line 91.
 (/opt/local/share/texmf-texlive-dist/tex/latex/graphics/dvips.def
File: dvips.def 1999/02/16 v3.0i Driver-dependant file (DPC,SPQR)
))
\Gin@req@height=\dimen104
\Gin@req@width=\dimen105
) (/opt/local/share/texmf-texlive-dist/tex/latex/psnfss/pifont.sty
Package: pifont 2005/04/12 PSNFSS-v9.2a Pi font support (SPQR) 
LaTeX Font Info:    Try loading font information for U+pzd on input line 63.

(/opt/local/share/texmf-texlive-dist/tex/latex/psnfss/upzd.fd
File: upzd.fd 2001/06/04 font definitions for U/pzd.
)
LaTeX Font Info:    Try loading font information for U+psy on input line 64.

(/opt/local/share/texmf-texlive-dist/tex/latex/psnfss/upsy.fd
File: upsy.fd 2001/06/04 font definitions for U/psy.
))
\c@tnote=\count87
\c@fnote=\count88
\c@cnote=\count89
\c@ead=\count90
\c@author=\count91
\@eadauthor=\toks15
\c@affn=\count92
\absbox=\box26
\keybox=\box27
\Columnwidth=\dimen106
\space@left=\dimen107
\els@boxa=\box28
\els@boxb=\box29
\leftMargin=\dimen108
\@enLab=\toks16
\@sep=\skip43
\@@sep=\skip44
 (./compiled.spl) (/opt/local/share/texmf-texlive-dist/tex/latex/natbib/natbib.
sty
Package: natbib 2010/09/13 8.31b (PWD, AO)
\bibhang=\skip45
\bibsep=\skip46
LaTeX Info: Redefining \cite on input line 694.
\c@NAT@ctr=\count93

Local config file natbib.cfg used
(/opt/local/share/texmf-texlive-dist/doc/latex/din1505/natbib.cfg))
\splwrite=\write3
\openout3 = `compiled.spl'.

\appnamewidth=\dimen109
)
(/opt/local/share/texmf-texlive-dist/tex/latex/amsfonts/amssymb.sty
Package: amssymb 2009/06/22 v3.00

(/opt/local/share/texmf-texlive-dist/tex/latex/amsfonts/amsfonts.sty
Package: amsfonts 2009/06/22 v3.00 Basic AMSFonts support
\@emptytoks=\toks17
\symAMSa=\mathgroup4
\symAMSb=\mathgroup5
LaTeX Font Info:    Overwriting math alphabet `\mathfrak' in version `bold'
(Font)                  U/euf/m/n --> U/euf/b/n on input line 96.
))
(./compiled.aux)
\openout1 = `compiled.aux'.

LaTeX Font Info:    Checking defaults for OML/cmm/m/it on input line 4.
LaTeX Font Info:    ... okay on input line 4.
LaTeX Font Info:    Checking defaults for T1/cmr/m/n on input line 4.
LaTeX Font Info:    ... okay on input line 4.
LaTeX Font Info:    Checking defaults for OT1/cmr/m/n on input line 4.
LaTeX Font Info:    ... okay on input line 4.
LaTeX Font Info:    Checking defaults for OMS/cmsy/m/n on input line 4.
LaTeX Font Info:    ... okay on input line 4.
LaTeX Font Info:    Checking defaults for OMX/cmex/m/n on input line 4.
LaTeX Font Info:    ... okay on input line 4.
LaTeX Font Info:    Checking defaults for U/cmr/m/n on input line 4.
LaTeX Font Info:    ... okay on input line 4.
LaTeX Font Info:    Try loading font information for U+msa on input line 29.

(/opt/local/share/texmf-texlive-dist/tex/latex/amsfonts/umsa.fd
File: umsa.fd 2009/06/22 v3.00 AMS symbols A
)
LaTeX Font Info:    Try loading font information for U+msb on input line 29.

(/opt/local/share/texmf-texlive-dist/tex/latex/amsfonts/umsb.fd
File: umsb.fd 2009/06/22 v3.00 AMS symbols B
) (./yule.tex
No file compiled.bbl.
) [1


{/opt/local/var/db/texmf/fonts/map/pdftex/updmap/pdftex.map}]
(./compiled.aux) ) 
Here is how much of TeX's memory you used:
 1432 strings out of 493633
 16708 string characters out of 3142964
 68017 words of memory out of 3000000
 4737 multiletter control sequences out of 15000+200000
 10274 words of font info for 38 fonts, out of 3000000 for 9000
 831 hyphenation exceptions out of 8191
 32i,4n,34p,219b,182s stack positions out of 5000i,500n,10000p,200000b,50000s
</opt/local/share/texmf-texlive-dist/fonts/type1/public/amsfo
nts/cm/cmbx12.pfb></opt/local/share/texmf-texlive-dist/fonts/type1/public/amsfo
nts/cm/cmex10.pfb></opt/local/share/texmf-texlive-dist/fonts/type1/public/amsfo
nts/cm/cmmi12.pfb></opt/local/share/texmf-texlive-dist/fonts/type1/public/amsfo
nts/cm/cmmi8.pfb></opt/local/share/texmf-texlive-dist/fonts/type1/public/amsfon
ts/cm/cmr12.pfb></opt/local/share/texmf-texlive-dist/fonts/type1/public/amsfont
s/cm/cmr17.pfb></opt/local/share/texmf-texlive-dist/fonts/type1/public/amsfonts
/cm/cmr8.pfb></opt/local/share/texmf-texlive-dist/fonts/type1/public/amsfonts/c
m/cmsy8.pfb></opt/local/share/texmf-texlive-dist/fonts/type1/public/amsfonts/cm
/cmti10.pfb></opt/local/share/texmf-texlive-dist/fonts/type1/public/amsfonts/cm
/cmti12.pfb>
Output written on compiled.pdf (1 page, 103088 bytes).
PDF statistics:
 48 PDF objects out of 1000 (max. 8388607)
 34 compressed objects within 1 object stream
 0 named destinations out of 1000 (max. 500000)
 1 words of extra memory for PDF output out of 10000 (max. 10000000)

